2017-07-31 21:23:13,789 |http-bio-8080-exec-1 |Formula1Helper                |I| Connecting to nextrr_db database...
2017-07-31 21:23:13,789 |http-bio-8080-exec-5 |Formula1Helper                |I| Connecting to nextrr_db database...
2017-07-31 21:23:14,055 |http-bio-8080-exec-1 |Formula1Helper                |I| Connected database successfully...
2017-07-31 21:23:14,055 |http-bio-8080-exec-5 |Formula1Helper                |I| Connected database successfully...
2017-07-31 21:23:14,067 |http-bio-8080-exec-5 |Formula1Helper                |I| Data Fetched Successfully!!
2017-07-31 21:23:14,068 |http-bio-8080-exec-5 |Formula1Helper                |I| =========f1ScheduleMap========={date=2017-06-18T18:30:00.000Z, country=India, race_type_id=MAINRACE, city=Noida, name=Indian Grand Prix, time=2017-06-18T06:00:06.564Z, formula_one_id=1}
2017-07-31 21:23:14,068 |http-bio-8080-exec-5 |Formula1Helper                |I| =======date========2017-06-18T18:30:00.000Z
2017-07-31 21:23:14,067 |http-bio-8080-exec-1 |Formula1Helper                |I| Data Fetched Successfully!!
2017-07-31 21:23:14,069 |http-bio-8080-exec-1 |Formula1Helper                |I| =========f1ScheduleMap========={date=2017-06-18T18:30:00.000Z, country=India, race_type_id=MAINRACE, city=Noida, name=Indian Grand Prix, time=2017-06-18T06:00:06.564Z, formula_one_id=1}
2017-07-31 21:23:14,069 |http-bio-8080-exec-1 |Formula1Helper                |I| =======date========2017-06-18T18:30:00.000Z
2017-07-31 21:23:14,070 |http-bio-8080-exec-5 |Formula1Helper                |I| Connecting to nextrr_db database...
2017-07-31 21:23:14,071 |http-bio-8080-exec-1 |Formula1Helper                |I| Connecting to nextrr_db database...
2017-07-31 21:23:14,072 |http-bio-8080-exec-5 |Formula1Helper                |I| Connected database successfully...
2017-07-31 21:23:14,074 |http-bio-8080-exec-1 |Formula1Helper                |I| Connected database successfully...
2017-07-31 21:23:14,074 |http-bio-8080-exec-5 |Formula1Helper                |I| Data Fetched Successfully!!
2017-07-31 21:23:14,075 |http-bio-8080-exec-5 |Formula1Helper                |I| =======date========2017-06-17T18:30:00.000Z
2017-07-31 21:23:14,075 |http-bio-8080-exec-1 |Formula1Helper                |I| Data Fetched Successfully!!
2017-07-31 21:23:14,075 |http-bio-8080-exec-5 |Formula1Helper                |I| =========f1ScheduleMap========={date=2017-06-29T18:30:00.000Z, country=null, race_type_id=MAINRACE, city=null, name=Australian Grand Prix, time=2017-06-20T17:30:45.492Z, formula_one_id=2}
2017-07-31 21:23:14,076 |http-bio-8080-exec-5 |Formula1Helper                |I| =======date========2017-06-29T18:30:00.000Z
2017-07-31 21:23:14,075 |http-bio-8080-exec-1 |Formula1Helper                |I| =======date========2017-06-17T18:30:00.000Z
2017-07-31 21:23:14,076 |http-bio-8080-exec-1 |Formula1Helper                |I| =========f1ScheduleMap========={date=2017-06-29T18:30:00.000Z, country=null, race_type_id=MAINRACE, city=null, name=Australian Grand Prix, time=2017-06-20T17:30:45.492Z, formula_one_id=2}
2017-07-31 21:23:14,077 |http-bio-8080-exec-1 |Formula1Helper                |I| =======date========2017-06-29T18:30:00.000Z
2017-07-31 21:23:14,077 |http-bio-8080-exec-5 |Formula1Helper                |I| Connecting to nextrr_db database...
2017-07-31 21:23:14,079 |http-bio-8080-exec-1 |Formula1Helper                |I| Connecting to nextrr_db database...
2017-07-31 21:23:14,079 |http-bio-8080-exec-5 |Formula1Helper                |I| Connected database successfully...
2017-07-31 21:23:14,080 |http-bio-8080-exec-5 |Formula1Helper                |I| Data Fetched Successfully!!
2017-07-31 21:23:14,083 |http-bio-8080-exec-1 |Formula1Helper                |I| Connected database successfully...
2017-07-31 21:23:14,086 |http-bio-8080-exec-1 |Formula1Helper                |I| Data Fetched Successfully!!
2017-07-31 21:23:32,299 |http-bio-8080-exec-5 |Formula1Helper                |I| Connecting to nextrr_db database...
2017-07-31 21:23:32,305 |http-bio-8080-exec-5 |Formula1Helper                |I| Connected database successfully...
2017-07-31 21:23:32,299 |http-bio-8080-exec-2 |Formula1Helper                |I| Connecting to nextrr_db database...
2017-07-31 21:23:32,306 |http-bio-8080-exec-5 |Formula1Helper                |I| Data Fetched Successfully!!
2017-07-31 21:23:32,307 |http-bio-8080-exec-5 |Formula1Helper                |I| =========f1ScheduleMap========={date=2017-06-18T18:30:00.000Z, country=India, race_type_id=MAINRACE, city=Noida, name=Indian Grand Prix, time=2017-06-18T06:00:06.564Z, formula_one_id=1}
2017-07-31 21:23:32,307 |http-bio-8080-exec-5 |Formula1Helper                |I| =======date========2017-06-18T18:30:00.000Z
2017-07-31 21:23:32,309 |http-bio-8080-exec-5 |Formula1Helper                |I| Connecting to nextrr_db database...
2017-07-31 21:23:32,310 |http-bio-8080-exec-2 |Formula1Helper                |I| Connected database successfully...
2017-07-31 21:23:32,312 |http-bio-8080-exec-5 |Formula1Helper                |I| Connected database successfully...
2017-07-31 21:23:32,313 |http-bio-8080-exec-5 |Formula1Helper                |I| Data Fetched Successfully!!
2017-07-31 21:23:32,313 |http-bio-8080-exec-5 |Formula1Helper                |I| =======date========2017-06-17T18:30:00.000Z
2017-07-31 21:23:32,314 |http-bio-8080-exec-5 |Formula1Helper                |I| =========f1ScheduleMap========={date=2017-06-29T18:30:00.000Z, country=null, race_type_id=MAINRACE, city=null, name=Australian Grand Prix, time=2017-06-20T17:30:45.492Z, formula_one_id=2}
2017-07-31 21:23:32,314 |http-bio-8080-exec-5 |Formula1Helper                |I| =======date========2017-06-29T18:30:00.000Z
2017-07-31 21:23:32,315 |http-bio-8080-exec-2 |Formula1Helper                |I| Data Fetched Successfully!!
2017-07-31 21:23:32,315 |http-bio-8080-exec-2 |Formula1Helper                |I| =========f1ScheduleMap========={date=2017-06-18T18:30:00.000Z, country=India, race_type_id=MAINRACE, city=Noida, name=Indian Grand Prix, time=2017-06-18T06:00:06.564Z, formula_one_id=1}
2017-07-31 21:23:32,315 |http-bio-8080-exec-2 |Formula1Helper                |I| =======date========2017-06-18T18:30:00.000Z
2017-07-31 21:23:32,316 |http-bio-8080-exec-5 |Formula1Helper                |I| Connecting to nextrr_db database...
2017-07-31 21:23:32,317 |http-bio-8080-exec-2 |Formula1Helper                |I| Connecting to nextrr_db database...
2017-07-31 21:23:32,318 |http-bio-8080-exec-5 |Formula1Helper                |I| Connected database successfully...
2017-07-31 21:23:32,320 |http-bio-8080-exec-5 |Formula1Helper                |I| Data Fetched Successfully!!
2017-07-31 21:23:32,324 |http-bio-8080-exec-2 |Formula1Helper                |I| Connected database successfully...
2017-07-31 21:23:32,325 |http-bio-8080-exec-2 |Formula1Helper                |I| Data Fetched Successfully!!
2017-07-31 21:23:32,325 |http-bio-8080-exec-2 |Formula1Helper                |I| =======date========2017-06-17T18:30:00.000Z
2017-07-31 21:23:32,325 |http-bio-8080-exec-2 |Formula1Helper                |I| =========f1ScheduleMap========={date=2017-06-29T18:30:00.000Z, country=null, race_type_id=MAINRACE, city=null, name=Australian Grand Prix, time=2017-06-20T17:30:45.492Z, formula_one_id=2}
2017-07-31 21:23:32,326 |http-bio-8080-exec-2 |Formula1Helper                |I| =======date========2017-06-29T18:30:00.000Z
2017-07-31 21:23:32,328 |http-bio-8080-exec-2 |Formula1Helper                |I| Connecting to nextrr_db database...
2017-07-31 21:23:32,331 |http-bio-8080-exec-2 |Formula1Helper                |I| Connected database successfully...
2017-07-31 21:23:32,332 |http-bio-8080-exec-2 |Formula1Helper                |I| Data Fetched Successfully!!
2017-07-31 21:38:37,163 |http-bio-8080-exec-3 |Formula1Helper                |I| Connecting to null database...
2017-07-31 21:38:37,163 |http-bio-8080-exec-9 |Formula1Helper                |I| Connecting to null database...
2017-07-31 21:38:38,149 |http-bio-8080-exec-3 |Formula1Helper                |E| Error During Loading Drivercom.mysql.jdbc.exceptions.jdbc4.CommunicationsException: Communications link failure

The last packet sent successfully to the server was 0 milliseconds ago. The driver has not received any packets from the server.
2017-07-31 21:38:38,150 |http-bio-8080-exec-3 |Formula1Helper                |E| Exception -- java.lang.NullPointerException
2017-07-31 21:38:38,149 |http-bio-8080-exec-9 |Formula1Helper                |E| Error During Loading Drivercom.mysql.jdbc.exceptions.jdbc4.CommunicationsException: Communications link failure

The last packet sent successfully to the server was 0 milliseconds ago. The driver has not received any packets from the server.
2017-07-31 21:38:38,158 |http-bio-8080-exec-3 |Formula1Helper                |I| Data Fetched Successfully!!
2017-07-31 21:38:38,158 |http-bio-8080-exec-9 |Formula1Helper                |E| Exception -- java.lang.NullPointerException
2017-07-31 21:38:38,159 |http-bio-8080-exec-9 |Formula1Helper                |I| Data Fetched Successfully!!
2017-07-31 21:38:43,239 |http-bio-8080-exec-8 |Formula1Helper                |I| Connecting to null database...
2017-07-31 21:38:43,240 |http-bio-8080-exec-2 |Formula1Helper                |I| Connecting to null database...
2017-07-31 21:38:43,240 |http-bio-8080-exec-8 |Formula1Helper                |E| Error During Loading Drivercom.mysql.jdbc.exceptions.jdbc4.CommunicationsException: Communications link failure

The last packet sent successfully to the server was 0 milliseconds ago. The driver has not received any packets from the server.
2017-07-31 21:38:43,241 |http-bio-8080-exec-8 |Formula1Helper                |E| Exception -- java.lang.NullPointerException
2017-07-31 21:38:43,241 |http-bio-8080-exec-8 |Formula1Helper                |I| Data Fetched Successfully!!
2017-07-31 21:38:43,241 |http-bio-8080-exec-2 |Formula1Helper                |E| Error During Loading Drivercom.mysql.jdbc.exceptions.jdbc4.CommunicationsException: Communications link failure

The last packet sent successfully to the server was 0 milliseconds ago. The driver has not received any packets from the server.
2017-07-31 21:38:43,242 |http-bio-8080-exec-2 |Formula1Helper                |E| Exception -- java.lang.NullPointerException
2017-07-31 21:38:43,242 |http-bio-8080-exec-2 |Formula1Helper                |I| Data Fetched Successfully!!
2017-07-31 21:39:04,187 |ttp-bio-8080-exec-10 |Formula1Helper                |I| Connecting to null database...
2017-07-31 21:39:04,196 |http-bio-8080-exec-7 |Formula1Helper                |I| Connecting to null database...
2017-07-31 21:39:05,136 |ttp-bio-8080-exec-10 |Formula1Helper                |E| Error During Loading Drivercom.mysql.jdbc.exceptions.jdbc4.CommunicationsException: Communications link failure

The last packet sent successfully to the server was 0 milliseconds ago. The driver has not received any packets from the server.
2017-07-31 21:39:05,136 |http-bio-8080-exec-7 |Formula1Helper                |E| Error During Loading Drivercom.mysql.jdbc.exceptions.jdbc4.CommunicationsException: Communications link failure

The last packet sent successfully to the server was 0 milliseconds ago. The driver has not received any packets from the server.
2017-07-31 21:39:05,138 |http-bio-8080-exec-7 |Formula1Helper                |E| Exception -- java.lang.NullPointerException
2017-07-31 21:39:05,138 |ttp-bio-8080-exec-10 |Formula1Helper                |E| Exception -- java.lang.NullPointerException
2017-07-31 21:39:05,139 |http-bio-8080-exec-7 |Formula1Helper                |I| Data Fetched Successfully!!
2017-07-31 21:39:05,139 |ttp-bio-8080-exec-10 |Formula1Helper                |I| Data Fetched Successfully!!
2017-07-31 21:39:41,187 |http-bio-8080-exec-3 |Formula1Helper                |I| Connecting to null database...
2017-07-31 21:39:41,192 |http-bio-8080-exec-9 |Formula1Helper                |I| Connecting to null database...
2017-07-31 21:39:42,136 |http-bio-8080-exec-3 |Formula1Helper                |E| Error During Loading Drivercom.mysql.jdbc.exceptions.jdbc4.CommunicationsException: Communications link failure

The last packet sent successfully to the server was 0 milliseconds ago. The driver has not received any packets from the server.
2017-07-31 21:39:42,136 |http-bio-8080-exec-3 |Formula1Helper                |E| Exception -- java.lang.NullPointerException
2017-07-31 21:39:42,136 |http-bio-8080-exec-9 |Formula1Helper                |E| Error During Loading Drivercom.mysql.jdbc.exceptions.jdbc4.CommunicationsException: Communications link failure

The last packet sent successfully to the server was 0 milliseconds ago. The driver has not received any packets from the server.
2017-07-31 21:39:42,136 |http-bio-8080-exec-3 |Formula1Helper                |I| Data Fetched Successfully!!
2017-07-31 21:39:42,137 |http-bio-8080-exec-9 |Formula1Helper                |E| Exception -- java.lang.NullPointerException
2017-07-31 21:39:42,137 |http-bio-8080-exec-9 |Formula1Helper                |I| Data Fetched Successfully!!
2017-07-31 21:39:47,700 |ttp-bio-8080-exec-10 |Formula1Helper                |I| Connecting to null database...
2017-07-31 21:39:47,701 |ttp-bio-8080-exec-10 |Formula1Helper                |E| Error During Loading Drivercom.mysql.jdbc.exceptions.jdbc4.CommunicationsException: Communications link failure

The last packet sent successfully to the server was 0 milliseconds ago. The driver has not received any packets from the server.
2017-07-31 21:39:47,701 |ttp-bio-8080-exec-10 |Formula1Helper                |E| Exception -- java.lang.NullPointerException
2017-07-31 21:39:47,701 |ttp-bio-8080-exec-10 |Formula1Helper                |I| Data Fetched Successfully!!
2017-07-31 21:39:50,759 |http-bio-8080-exec-7 |Formula1Helper                |I| Connecting to null database...
2017-07-31 21:39:50,760 |http-bio-8080-exec-7 |Formula1Helper                |E| Error During Loading Drivercom.mysql.jdbc.exceptions.jdbc4.CommunicationsException: Communications link failure

The last packet sent successfully to the server was 0 milliseconds ago. The driver has not received any packets from the server.
2017-07-31 21:39:50,760 |http-bio-8080-exec-7 |Formula1Helper                |E| Exception -- java.lang.NullPointerException
2017-07-31 21:39:50,760 |http-bio-8080-exec-7 |Formula1Helper                |I| Data Fetched Successfully!!
2017-07-31 21:41:20,437 |http-bio-8080-exec-8 |Formula1Helper                |I| Connecting to null database...
2017-07-31 21:41:21,386 |http-bio-8080-exec-8 |Formula1Helper                |E| Error During Loading Drivercom.mysql.jdbc.exceptions.jdbc4.CommunicationsException: Communications link failure

The last packet sent successfully to the server was 0 milliseconds ago. The driver has not received any packets from the server.
2017-07-31 21:41:21,387 |http-bio-8080-exec-8 |Formula1Helper                |E| Exception -- java.lang.NullPointerException
2017-07-31 21:41:21,388 |http-bio-8080-exec-8 |Formula1Helper                |I| Data Fetched Successfully!!
2017-07-31 21:44:31,041 |ttp-bio-8080-exec-13 |Formula1Helper                |I| Connecting to null database...
2017-07-31 21:44:32,146 |ttp-bio-8080-exec-13 |Formula1Helper                |E| Error During Loading Drivercom.mysql.jdbc.exceptions.jdbc4.CommunicationsException: Communications link failure

The last packet sent successfully to the server was 0 milliseconds ago. The driver has not received any packets from the server.
2017-07-31 21:44:32,146 |ttp-bio-8080-exec-13 |Formula1Helper                |E| Exception -- java.lang.NullPointerException
2017-07-31 21:44:32,147 |ttp-bio-8080-exec-13 |Formula1Helper                |I| Data Fetched Successfully!!
2017-07-31 21:45:35,101 |http-bio-8080-exec-8 |Formula1Helper                |I| Connecting to nextrr_db database...
2017-07-31 21:45:35,328 |http-bio-8080-exec-8 |Formula1Helper                |I| Connected database successfully...
2017-07-31 21:45:35,335 |http-bio-8080-exec-8 |Formula1Helper                |I| Data Fetched Successfully!!
2017-07-31 21:45:35,335 |http-bio-8080-exec-8 |Formula1Helper                |I| =======date========2017-06-14T18:30:00.000Z
2017-07-31 21:45:35,336 |http-bio-8080-exec-8 |Formula1Helper                |I| =======date========2017-08-03T18:30:00.000Z
2017-07-31 21:47:11,532 |http-bio-8080-exec-6 |Formula1Helper                |I| Connecting to nextrr_db database...
2017-07-31 21:47:11,537 |http-bio-8080-exec-6 |Formula1Helper                |I| Connected database successfully...
2017-07-31 21:47:11,538 |http-bio-8080-exec-6 |Formula1Helper                |I| Data Fetched Successfully!!
2017-07-31 21:47:11,539 |http-bio-8080-exec-6 |Formula1Helper                |I| =======date========2017-06-14T18:30:00.000Z
2017-07-31 21:47:11,540 |http-bio-8080-exec-6 |Formula1Helper                |I| =======date========2017-08-03T18:30:00.000Z
2017-07-31 21:47:27,908 |http-bio-8080-exec-5 |Formula1Helper                |I| Connecting to nextrr_db database...
2017-07-31 21:47:27,911 |http-bio-8080-exec-5 |Formula1Helper                |I| Connected database successfully...
2017-07-31 21:47:27,912 |http-bio-8080-exec-5 |Formula1Helper                |I| Data Fetched Successfully!!
2017-07-31 21:47:27,912 |http-bio-8080-exec-5 |Formula1Helper                |I| =======date========2017-06-14T18:30:00.000Z
2017-07-31 21:47:27,916 |http-bio-8080-exec-5 |Formula1Helper                |I| =======date========2017-08-03T18:30:00.000Z
2017-07-31 22:29:14,305 |http-bio-8080-exec-8 |Formula1Helper                |I| Connecting to nextrr_db database...
2017-07-31 22:29:14,316 |http-bio-8080-exec-8 |Formula1Helper                |I| Connected database successfully...
2017-07-31 22:29:14,322 |http-bio-8080-exec-8 |Formula1Helper                |I| Data Fetched Successfully!!
2017-07-31 22:29:14,323 |http-bio-8080-exec-8 |Formula1Helper                |I| Connecting to nextrr_db database...
2017-07-31 22:29:14,326 |http-bio-8080-exec-8 |Formula1Helper                |I| Connected database successfully...
2017-07-31 22:29:14,327 |http-bio-8080-exec-8 |Formula1Helper                |I| Data Fetched Successfully!!
2017-07-31 22:29:14,328 |http-bio-8080-exec-8 |Formula1Helper                |I| Connecting to nextrr_db database...
2017-07-31 22:29:14,331 |http-bio-8080-exec-8 |Formula1Helper                |I| Connected database successfully...
2017-07-31 22:29:14,331 |http-bio-8080-exec-8 |Formula1Helper                |I| Data Fetched Successfully!!
2017-07-31 22:29:14,333 |http-bio-8080-exec-8 |Formula1Helper                |I| Connecting to nextrr_db database...
2017-07-31 22:29:14,335 |http-bio-8080-exec-8 |Formula1Helper                |I| Connected database successfully...
2017-07-31 22:29:14,335 |http-bio-8080-exec-8 |Formula1Helper                |I| Data Fetched Successfully!!
2017-07-31 22:29:17,464 |ttp-bio-8080-exec-10 |Formula1Helper                |I| Connecting to nextrr_db database...
2017-07-31 22:29:17,467 |ttp-bio-8080-exec-10 |Formula1Helper                |I| Connected database successfully...
2017-07-31 22:29:17,469 |ttp-bio-8080-exec-10 |Formula1Helper                |I| Data Fetched Successfully!!
2017-07-31 22:29:17,469 |ttp-bio-8080-exec-10 |Formula1Helper                |I| =======date========2017-06-14T18:30:00.000Z
2017-07-31 22:29:17,469 |ttp-bio-8080-exec-10 |Formula1Helper                |I| =======date========2017-08-03T18:30:00.000Z
2017-07-31 22:29:19,186 |http-bio-8080-exec-1 |Formula1Helper                |I| Connecting to nextrr_db database...
2017-07-31 22:29:19,193 |http-bio-8080-exec-1 |Formula1Helper                |I| Connected database successfully...
2017-07-31 22:29:19,194 |http-bio-8080-exec-1 |Formula1Helper                |I| Data Fetched Successfully!!
2017-07-31 22:29:19,195 |http-bio-8080-exec-1 |Formula1Helper                |I| =======date========2017-06-14T18:30:00.000Z
2017-07-31 22:29:19,196 |http-bio-8080-exec-1 |Formula1Helper                |I| =======date========2017-08-03T18:30:00.000Z
2017-07-31 22:29:26,278 |http-bio-8080-exec-8 |Formula1Helper                |I| Connecting to nextrr_db database...
2017-07-31 22:29:26,284 |http-bio-8080-exec-8 |Formula1Helper                |I| Connected database successfully...
2017-07-31 22:29:44,055 |http-bio-8080-exec-3 |Formula1Helper                |I| Connecting to nextrr_db database...
2017-07-31 22:29:44,062 |http-bio-8080-exec-3 |Formula1Helper                |I| Connected database successfully...
2017-07-31 22:29:49,382 |http-bio-8080-exec-3 |Formula1Helper                |I| Connecting to nextrr_db database...
2017-07-31 22:29:49,382 |http-bio-8080-exec-5 |Formula1Helper                |I| Connecting to nextrr_db database...
2017-07-31 22:29:49,385 |http-bio-8080-exec-5 |Formula1Helper                |I| Connected database successfully...
2017-07-31 22:29:49,385 |http-bio-8080-exec-3 |Formula1Helper                |I| Connected database successfully...
2017-07-31 22:29:49,386 |http-bio-8080-exec-5 |Formula1Helper                |I| Data Fetched Successfully!!
2017-07-31 22:29:49,386 |http-bio-8080-exec-3 |Formula1Helper                |I| Data Fetched Successfully!!
2017-07-31 22:29:49,386 |http-bio-8080-exec-5 |Formula1Helper                |I| =========f1ScheduleMap========={date=2017-06-18T18:30:00.000Z, country=India, race_type_id=MAINRACE, city=Noida, name=Indian Grand Prix, time=2017-06-18T06:00:06.564Z, formula_one_id=1}
2017-07-31 22:29:49,386 |http-bio-8080-exec-3 |Formula1Helper                |I| =========f1ScheduleMap========={date=2017-06-18T18:30:00.000Z, country=India, race_type_id=MAINRACE, city=Noida, name=Indian Grand Prix, time=2017-06-18T06:00:06.564Z, formula_one_id=1}
2017-07-31 22:29:49,386 |http-bio-8080-exec-5 |Formula1Helper                |I| =======date========2017-06-18T18:30:00.000Z
2017-07-31 22:29:49,386 |http-bio-8080-exec-3 |Formula1Helper                |I| =======date========2017-06-18T18:30:00.000Z
2017-07-31 22:29:49,388 |http-bio-8080-exec-3 |Formula1Helper                |I| Connecting to nextrr_db database...
2017-07-31 22:29:49,388 |http-bio-8080-exec-5 |Formula1Helper                |I| Connecting to nextrr_db database...
2017-07-31 22:29:49,391 |http-bio-8080-exec-5 |Formula1Helper                |I| Connected database successfully...
2017-07-31 22:29:49,392 |http-bio-8080-exec-5 |Formula1Helper                |I| Data Fetched Successfully!!
2017-07-31 22:29:49,393 |http-bio-8080-exec-5 |Formula1Helper                |I| =======date========2017-06-17T18:30:00.000Z
2017-07-31 22:29:49,393 |http-bio-8080-exec-5 |Formula1Helper                |I| =========f1ScheduleMap========={date=2017-08-01T18:30:00.000Z, country=null, race_type_id=MAINRACE, city=null, name=Australian Grand Prix, time=2017-06-20T17:30:45.492Z, formula_one_id=2}
2017-07-31 22:29:49,394 |http-bio-8080-exec-5 |Formula1Helper                |I| =======date========2017-08-01T18:30:00.000Z
2017-07-31 22:29:49,394 |http-bio-8080-exec-3 |Formula1Helper                |I| Connected database successfully...
2017-07-31 22:29:49,396 |http-bio-8080-exec-3 |Formula1Helper                |I| Data Fetched Successfully!!
2017-07-31 22:29:49,397 |http-bio-8080-exec-3 |Formula1Helper                |I| =======date========2017-06-17T18:30:00.000Z
2017-07-31 22:29:49,397 |http-bio-8080-exec-5 |Formula1Helper                |I| Connecting to nextrr_db database...
2017-07-31 22:29:49,397 |http-bio-8080-exec-3 |Formula1Helper                |I| =========f1ScheduleMap========={date=2017-08-01T18:30:00.000Z, country=null, race_type_id=MAINRACE, city=null, name=Australian Grand Prix, time=2017-06-20T17:30:45.492Z, formula_one_id=2}
2017-07-31 22:29:49,397 |http-bio-8080-exec-3 |Formula1Helper                |I| =======date========2017-08-01T18:30:00.000Z
2017-07-31 22:29:49,403 |http-bio-8080-exec-3 |Formula1Helper                |I| Connecting to nextrr_db database...
2017-07-31 22:29:49,407 |http-bio-8080-exec-3 |Formula1Helper                |I| Connected database successfully...
2017-07-31 22:29:49,616 |http-bio-8080-exec-3 |Formula1Helper                |I| Data Fetched Successfully!!
2017-07-31 22:29:49,620 |http-bio-8080-exec-5 |Formula1Helper                |I| Connected database successfully...
2017-07-31 22:29:49,620 |http-bio-8080-exec-5 |Formula1Helper                |I| Data Fetched Successfully!!
2017-07-31 22:30:51,249 |http-bio-8080-exec-2 |Formula1Helper                |I| Connecting to nextrr_db database...
2017-07-31 22:30:51,251 |http-bio-8080-exec-2 |Formula1Helper                |I| Connected database successfully...
2017-07-31 22:30:51,252 |http-bio-8080-exec-2 |Formula1Helper                |I| Data Fetched Successfully!!
2017-07-31 22:30:51,253 |http-bio-8080-exec-2 |Formula1Helper                |I| Connecting to nextrr_db database...
2017-07-31 22:30:51,259 |http-bio-8080-exec-2 |Formula1Helper                |I| Connected database successfully...
2017-07-31 22:30:51,261 |http-bio-8080-exec-2 |Formula1Helper                |I| Data Fetched Successfully!!
2017-07-31 22:30:51,261 |http-bio-8080-exec-2 |Formula1Helper                |I| =======date========2017-06-29T18:30:00.000Z
2017-07-31 22:30:51,262 |http-bio-8080-exec-2 |Formula1Helper                |I| =======date========2017-06-14T18:30:00.000Z
2017-07-31 22:30:51,262 |http-bio-8080-exec-2 |Formula1Helper                |I| =======date========2017-07-06T18:30:00.000Z
2017-07-31 22:30:51,263 |http-bio-8080-exec-2 |Formula1Helper                |I| =======date========2017-08-03T18:30:00.000Z
2017-07-31 22:30:51,263 |http-bio-8080-exec-2 |Formula1Helper                |I| =======date========2017-07-12T18:30:00.000Z
2017-07-31 22:31:14,442 |http-bio-8080-exec-1 |Formula1Helper                |I| Connecting to nextrr_db database...
2017-07-31 22:31:14,448 |http-bio-8080-exec-1 |Formula1Helper                |I| Connected database successfully...
2017-07-31 22:31:14,466 |http-bio-8080-exec-9 |Formula1Helper                |I| Connecting to nextrr_db database...
2017-07-31 22:31:14,475 |http-bio-8080-exec-9 |Formula1Helper                |I| Connected database successfully...
2017-07-31 22:31:14,476 |http-bio-8080-exec-9 |Formula1Helper                |I| Data Fetched Successfully!!
2017-07-31 22:31:14,477 |http-bio-8080-exec-9 |Formula1Helper                |I| Connecting to nextrr_db database...
2017-07-31 22:31:14,487 |http-bio-8080-exec-9 |Formula1Helper                |I| Connected database successfully...
2017-07-31 22:31:14,488 |http-bio-8080-exec-9 |Formula1Helper                |I| Data Fetched Successfully!!
2017-07-31 22:31:14,488 |http-bio-8080-exec-9 |Formula1Helper                |I| =======date========2017-06-29T18:30:00.000Z
2017-07-31 22:31:14,489 |http-bio-8080-exec-9 |Formula1Helper                |I| =======date========2017-08-30T18:30:00.000Z
2017-07-31 22:31:14,489 |http-bio-8080-exec-9 |Formula1Helper                |I| =======date========2017-07-06T18:30:00.000Z
2017-07-31 22:31:14,489 |http-bio-8080-exec-9 |Formula1Helper                |I| =======date========2017-08-03T18:30:00.000Z
2017-07-31 22:31:14,489 |http-bio-8080-exec-9 |Formula1Helper                |I| =======date========2017-07-12T18:30:00.000Z
2017-07-31 22:31:21,610 |http-bio-8080-exec-1 |Formula1Helper                |I| Connecting to nextrr_db database...
2017-07-31 22:31:21,616 |http-bio-8080-exec-1 |Formula1Helper                |I| Connected database successfully...
2017-07-31 22:31:21,618 |http-bio-8080-exec-1 |Formula1Helper                |I| Data Fetched Successfully!!
2017-07-31 22:31:21,620 |http-bio-8080-exec-1 |Formula1Helper                |I| Connecting to nextrr_db database...
2017-07-31 22:31:21,622 |http-bio-8080-exec-1 |Formula1Helper                |I| Connected database successfully...
2017-07-31 22:31:21,623 |http-bio-8080-exec-1 |Formula1Helper                |I| Data Fetched Successfully!!
2017-07-31 22:31:21,623 |http-bio-8080-exec-1 |Formula1Helper                |I| =======date========2017-06-29T18:30:00.000Z
2017-07-31 22:31:21,623 |http-bio-8080-exec-1 |Formula1Helper                |I| =======date========2017-08-30T18:30:00.000Z
2017-07-31 22:31:21,623 |http-bio-8080-exec-1 |Formula1Helper                |I| =======date========2017-07-06T18:30:00.000Z
2017-07-31 22:31:21,624 |http-bio-8080-exec-1 |Formula1Helper                |I| =======date========2017-08-03T18:30:00.000Z
2017-07-31 22:31:21,624 |http-bio-8080-exec-1 |Formula1Helper                |I| =======date========2017-07-12T18:30:00.000Z
2017-07-31 22:31:27,194 |http-bio-8080-exec-7 |Formula1Helper                |I| Connecting to nextrr_db database...
2017-07-31 22:31:27,198 |http-bio-8080-exec-7 |Formula1Helper                |I| Connected database successfully...
2017-07-31 22:31:27,199 |http-bio-8080-exec-7 |Formula1Helper                |I| Data Fetched Successfully!!
2017-07-31 22:31:27,200 |http-bio-8080-exec-7 |Formula1Helper                |I| =======date========2017-06-29T18:30:00.000Z
2017-07-31 22:31:27,200 |http-bio-8080-exec-7 |Formula1Helper                |I| =======date========2017-07-06T18:30:00.000Z
2017-07-31 22:31:27,201 |http-bio-8080-exec-7 |Formula1Helper                |I| =======date========2017-07-12T18:30:00.000Z
2017-07-31 22:31:31,571 |http-bio-8080-exec-7 |Formula1Helper                |I| Connecting to nextrr_db database...
2017-07-31 22:31:31,574 |http-bio-8080-exec-7 |Formula1Helper                |I| Connected database successfully...
2017-07-31 22:31:31,577 |http-bio-8080-exec-7 |Formula1Helper                |I| Data Fetched Successfully!!
2017-07-31 22:31:31,578 |http-bio-8080-exec-7 |Formula1Helper                |I| =======date========2017-08-30T18:30:00.000Z
2017-07-31 22:31:31,578 |http-bio-8080-exec-7 |Formula1Helper                |I| =======date========2017-08-03T18:30:00.000Z
2017-07-31 22:31:34,186 |http-bio-8080-exec-7 |Formula1Helper                |I| Connecting to nextrr_db database...
2017-07-31 22:31:34,189 |http-bio-8080-exec-7 |Formula1Helper                |I| Connected database successfully...
2017-07-31 22:31:34,190 |http-bio-8080-exec-7 |Formula1Helper                |I| Data Fetched Successfully!!
2017-07-31 22:31:34,190 |http-bio-8080-exec-7 |Formula1Helper                |I| =======date========2017-06-29T18:30:00.000Z
2017-07-31 22:31:34,190 |http-bio-8080-exec-7 |Formula1Helper                |I| =======date========2017-07-06T18:30:00.000Z
2017-07-31 22:31:34,191 |http-bio-8080-exec-7 |Formula1Helper                |I| =======date========2017-07-12T18:30:00.000Z
2017-07-31 22:31:41,225 |http-bio-8080-exec-7 |Formula1Helper                |I| Connecting to nextrr_db database...
2017-07-31 22:31:41,228 |http-bio-8080-exec-7 |Formula1Helper                |I| Connected database successfully...
2017-07-31 22:31:41,245 |http-bio-8080-exec-7 |Formula1Helper                |I| Connecting to nextrr_db database...
2017-07-31 22:31:41,247 |http-bio-8080-exec-7 |Formula1Helper                |I| Connected database successfully...
2017-07-31 22:31:41,248 |http-bio-8080-exec-7 |Formula1Helper                |I| Data Fetched Successfully!!
2017-07-31 22:31:41,249 |http-bio-8080-exec-7 |Formula1Helper                |I| Connecting to nextrr_db database...
2017-07-31 22:31:41,252 |http-bio-8080-exec-7 |Formula1Helper                |I| Connected database successfully...
2017-07-31 22:31:41,253 |http-bio-8080-exec-7 |Formula1Helper                |I| Data Fetched Successfully!!
2017-07-31 22:31:41,253 |http-bio-8080-exec-7 |Formula1Helper                |I| =======date========2017-06-29T18:30:00.000Z
2017-07-31 22:31:41,254 |http-bio-8080-exec-7 |Formula1Helper                |I| =======date========2017-08-30T18:30:00.000Z
2017-07-31 22:31:41,254 |http-bio-8080-exec-7 |Formula1Helper                |I| =======date========2017-07-06T18:30:00.000Z
2017-07-31 22:31:41,255 |http-bio-8080-exec-7 |Formula1Helper                |I| =======date========2017-08-03T18:30:00.000Z
2017-07-31 22:31:41,255 |http-bio-8080-exec-7 |Formula1Helper                |I| =======date========2017-07-12T18:30:00.000Z
2017-07-31 22:31:49,202 |http-bio-8080-exec-7 |Formula1Helper                |I| Connecting to nextrr_db database...
2017-07-31 22:31:49,207 |http-bio-8080-exec-7 |Formula1Helper                |I| Connected database successfully...
2017-07-31 22:31:49,209 |http-bio-8080-exec-7 |Formula1Helper                |I| Data Fetched Successfully!!
2017-07-31 22:31:49,209 |http-bio-8080-exec-7 |Formula1Helper                |I| =======date========2017-08-03T18:30:00.000Z
2017-07-31 22:31:50,233 |http-bio-8080-exec-9 |Formula1Helper                |I| Connecting to nextrr_db database...
2017-07-31 22:31:50,244 |http-bio-8080-exec-9 |Formula1Helper                |I| Connected database successfully...
2017-07-31 22:31:50,247 |http-bio-8080-exec-9 |Formula1Helper                |I| Data Fetched Successfully!!
2017-07-31 22:31:50,247 |http-bio-8080-exec-9 |Formula1Helper                |I| =======date========2017-06-29T18:30:00.000Z
2017-07-31 22:31:50,248 |http-bio-8080-exec-9 |Formula1Helper                |I| =======date========2017-08-30T18:30:00.000Z
2017-07-31 22:31:50,248 |http-bio-8080-exec-9 |Formula1Helper                |I| =======date========2017-07-06T18:30:00.000Z
2017-07-31 22:31:50,248 |http-bio-8080-exec-9 |Formula1Helper                |I| =======date========2017-07-12T18:30:00.000Z
2017-07-31 22:33:21,791 |http-bio-8080-exec-2 |Formula1Helper                |I| Connecting to nextrr_db database...
2017-07-31 22:33:21,793 |http-bio-8080-exec-2 |Formula1Helper                |I| Connected database successfully...
2017-07-31 22:33:21,800 |http-bio-8080-exec-2 |Formula1Helper                |I| Data Fetched Successfully!!
2017-07-31 22:33:21,800 |http-bio-8080-exec-2 |Formula1Helper                |I| =======date========2017-06-29T18:30:00.000Z
2017-07-31 22:33:21,800 |http-bio-8080-exec-2 |Formula1Helper                |I| =======date========2017-08-30T18:30:00.000Z
2017-07-31 22:33:21,801 |http-bio-8080-exec-2 |Formula1Helper                |I| =======date========2017-07-06T18:30:00.000Z
2017-07-31 22:33:21,801 |http-bio-8080-exec-2 |Formula1Helper                |I| =======date========2017-07-12T18:30:00.000Z
